2020-04-03 10:35:24.655 [main] INFO  com.study.ApplicationChapter13 - Starting ApplicationChapter13 on PC-20191128LVCN with PID 1116 (D:\git-repository\AutoTest\chapter13\target\classes started by Haley in D:\git-repository\AutoTest)
2020-04-03 10:35:24.670 [main] INFO  com.study.ApplicationChapter13 - The following profiles are active: dev
2020-04-03 10:35:26.139 [main] INFO  o.s.boot.web.embedded.tomcat.TomcatWebServer - Tomcat initialized with port(s): 8888 (http)
2020-04-03 10:35:26.153 [main] INFO  org.apache.coyote.http11.Http11NioProtocol - Initializing ProtocolHandler ["http-nio-8888"]
2020-04-03 10:35:26.153 [main] INFO  org.apache.catalina.core.StandardService - Starting service [Tomcat]
2020-04-03 10:35:26.153 [main] INFO  org.apache.catalina.core.StandardEngine - Starting Servlet engine: [Apache Tomcat/9.0.31]
2020-04-03 10:35:26.242 [main] INFO  o.a.c.core.ContainerBase.[Tomcat].[localhost].[/] - Initializing Spring embedded WebApplicationContext
2020-04-03 10:35:26.242 [main] INFO  org.springframework.web.context.ContextLoader - Root WebApplicationContext: initialization completed in 1479 ms
2020-04-03 10:35:26.763 [main] INFO  s.d.s.w.PropertySourcedRequestMappingHandlerMapping - Mapped URL path [/v2/api-docs] onto method [springfox.documentation.swagger2.web.Swagger2Controller#getDocumentation(String, HttpServletRequest)]
2020-04-03 10:35:26.820 [main] INFO  o.s.scheduling.concurrent.ThreadPoolTaskExecutor - Initializing ExecutorService 'applicationTaskExecutor'
2020-04-03 10:35:26.985 [main] INFO  s.d.s.web.plugins.DocumentationPluginsBootstrapper - Context refreshed
2020-04-03 10:35:27.019 [main] INFO  s.d.s.web.plugins.DocumentationPluginsBootstrapper - Found 1 custom documentation plugin(s)
2020-04-03 10:35:27.039 [main] INFO  s.d.spring.web.scanners.ApiListingReferenceScanner - Scanning for api listing references
2020-04-03 10:35:27.180 [main] INFO  org.apache.coyote.http11.Http11NioProtocol - Starting ProtocolHandler ["http-nio-8888"]
2020-04-03 10:35:27.452 [main] INFO  o.s.boot.web.embedded.tomcat.TomcatWebServer - Tomcat started on port(s): 8888 (http) with context path ''
2020-04-03 10:35:27.456 [main] INFO  com.study.ApplicationChapter13 - Started ApplicationChapter13 in 3.558 seconds (JVM running for 4.737)
2020-04-03 10:37:37.544 [http-nio-8888-exec-1] INFO  o.a.c.core.ContainerBase.[Tomcat].[localhost].[/] - Initializing Spring DispatcherServlet 'dispatcherServlet'
2020-04-03 10:37:37.545 [http-nio-8888-exec-1] INFO  org.springframework.web.servlet.DispatcherServlet - Initializing Servlet 'dispatcherServlet'
2020-04-03 10:37:37.563 [http-nio-8888-exec-1] INFO  org.springframework.web.servlet.DispatcherServlet - Completed initialization in 18 ms
2020-04-03 11:02:15.152 [main] INFO  com.study.ApplicationChapter13 - Starting ApplicationChapter13 on PC-20191128LVCN with PID 10568 (D:\git-repository\AutoTest\chapter13\target\classes started by Haley in D:\git-repository\AutoTest)
2020-04-03 11:02:15.152 [main] INFO  com.study.ApplicationChapter13 - The following profiles are active: dev
2020-04-03 11:02:16.074 [main] INFO  o.s.boot.web.embedded.tomcat.TomcatWebServer - Tomcat initialized with port(s): 8888 (http)
2020-04-03 11:02:16.074 [main] INFO  org.apache.coyote.http11.Http11NioProtocol - Initializing ProtocolHandler ["http-nio-8888"]
2020-04-03 11:02:16.074 [main] INFO  org.apache.catalina.core.StandardService - Starting service [Tomcat]
2020-04-03 11:02:16.074 [main] INFO  org.apache.catalina.core.StandardEngine - Starting Servlet engine: [Apache Tomcat/9.0.31]
2020-04-03 11:02:16.136 [main] INFO  o.a.c.core.ContainerBase.[Tomcat].[localhost].[/] - Initializing Spring embedded WebApplicationContext
2020-04-03 11:02:16.136 [main] INFO  org.springframework.web.context.ContextLoader - Root WebApplicationContext: initialization completed in 953 ms
2020-04-03 11:02:16.449 [main] INFO  s.d.s.w.PropertySourcedRequestMappingHandlerMapping - Mapped URL path [/v2/api-docs] onto method [springfox.documentation.swagger2.web.Swagger2Controller#getDocumentation(String, HttpServletRequest)]
2020-04-03 11:02:16.496 [main] INFO  o.s.scheduling.concurrent.ThreadPoolTaskExecutor - Initializing ExecutorService 'applicationTaskExecutor'
2020-04-03 11:02:16.574 [main] INFO  s.d.s.web.plugins.DocumentationPluginsBootstrapper - Context refreshed
2020-04-03 11:02:16.574 [main] INFO  s.d.s.web.plugins.DocumentationPluginsBootstrapper - Found 1 custom documentation plugin(s)
2020-04-03 11:02:16.589 [main] INFO  s.d.spring.web.scanners.ApiListingReferenceScanner - Scanning for api listing references
2020-04-03 11:02:16.683 [main] INFO  org.apache.coyote.http11.Http11NioProtocol - Starting ProtocolHandler ["http-nio-8888"]
2020-04-03 11:02:16.932 [main] INFO  o.s.boot.web.embedded.tomcat.TomcatWebServer - Tomcat started on port(s): 8888 (http) with context path ''
2020-04-03 11:02:16.932 [main] INFO  com.study.ApplicationChapter13 - Started ApplicationChapter13 in 2.074 seconds (JVM running for 2.708)
2020-04-03 11:02:34.359 [http-nio-8888-exec-85] INFO  o.a.c.core.ContainerBase.[Tomcat].[localhost].[/] - Initializing Spring DispatcherServlet 'dispatcherServlet'
2020-04-03 11:02:34.359 [http-nio-8888-exec-85] INFO  org.springframework.web.servlet.DispatcherServlet - Initializing Servlet 'dispatcherServlet'
2020-04-03 11:02:34.359 [http-nio-8888-exec-85] INFO  org.springframework.web.servlet.DispatcherServlet - Completed initialization in 0 ms
